<?xml version="1.0" encoding="UTF-8"?>
<coverage generated="1705076186339" clover="3.2.0">
  <project timestamp="1705076186339" name="All files">
    <metrics statements="16" coveredstatements="15" conditionals="8" coveredconditionals="8" methods="5" coveredmethods="4" elements="29" coveredelements="27" complexity="0" loc="16" ncloc="16" packages="1" files="4" classes="4"/>
    <file name="calc.js" path="C:\Users\Timur-SuperStrimer\Desktop\Jest\src\calc.js">
      <metrics statements="5" coveredstatements="5" conditionals="2" coveredconditionals="2" methods="2" coveredmethods="2"/>
      <line num="2" count="2" type="stmt"/>
      <line num="3" count="4" type="stmt"/>
      <line num="6" count="2" type="cond" truecount="2" falsecount="0"/>
      <line num="7" count="1" type="stmt"/>
      <line num="9" count="1" type="stmt"/>
    </file>
    <file name="cashback.js" path="C:\Users\Timur-SuperStrimer\Desktop\Jest\src\cashback.js">
      <metrics statements="8" coveredstatements="8" conditionals="6" coveredconditionals="6" methods="1" coveredmethods="1"/>
      <line num="1" count="1" type="stmt"/>
      <line num="17" count="5" type="cond" truecount="2" falsecount="0"/>
      <line num="18" count="1" type="stmt"/>
      <line num="20" count="4" type="cond" truecount="2" falsecount="0"/>
      <line num="21" count="1" type="stmt"/>
      <line num="23" count="3" type="cond" truecount="2" falsecount="0"/>
      <line num="24" count="1" type="stmt"/>
      <line num="26" count="2" type="stmt"/>
    </file>
    <file name="http.js" path="C:\Users\Timur-SuperStrimer\Desktop\Jest\src\http.js">
      <metrics statements="1" coveredstatements="0" conditionals="0" coveredconditionals="0" methods="1" coveredmethods="0"/>
      <line num="2" count="0" type="stmt"/>
    </file>
    <file name="loadUser.js" path="C:\Users\Timur-SuperStrimer\Desktop\Jest\src\loadUser.js">
      <metrics statements="2" coveredstatements="2" conditionals="0" coveredconditionals="0" methods="1" coveredmethods="1"/>
      <line num="3" count="1" type="stmt"/>
      <line num="4" count="1" type="stmt"/>
    </file>
  </project>
</coverage>
