TN:
SF:src\calc.js
FN:1,calcTotal
FN:2,(anonymous_1)
FNF:2
FNH:2
FNDA:2,calcTotal
FNDA:4,(anonymous_1)
DA:2,2
DA:3,4
DA:6,2
DA:7,1
DA:9,1
LF:5
LH:5
BRDA:6,0,0,1
BRDA:6,0,1,1
BRF:2
BRH:2
end_of_record
TN:
SF:src\cashback.js
FN:16,calcCashback
FNF:1
FNH:1
FNDA:5,calcCashback
DA:1,1
DA:17,5
DA:18,1
DA:20,4
DA:21,1
DA:23,3
DA:24,1
DA:26,2
LF:8
LH:8
BRDA:17,0,0,1
BRDA:17,0,1,4
BRDA:20,1,0,1
BRDA:20,1,1,3
BRDA:23,2,0,1
BRDA:23,2,1,2
BRF:6
BRH:6
end_of_record
TN:
SF:src\http.js
FN:1,httpGet
FNF:1
FNH:0
FNDA:0,httpGet
DA:2,0
LF:1
LH:0
BRF:0
BRH:0
end_of_record
TN:
SF:src\loadUser.js
FN:2,loadUser
FNF:1
FNH:1
FNDA:1,loadUser
DA:3,1
DA:4,1
LF:2
LH:2
BRF:0
BRH:0
end_of_record
